/*C1*/SET SCHEMA PUBLIC
CONNECT USER SA
/*C2*/SET SCHEMA PUBLIC
CONNECT USER SA
/*C3*/SET SCHEMA PUBLIC
CONNECT USER SA
INSERT INTO WEATHER VALUES(8,'2013-02-21 17:11:48.795000000','95035')
INSERT INTO ATMOSPHERE VALUES(8,'39','30.11','0','10',8)
INSERT INTO CONDITION VALUES(8,'34','Thu, 21 Feb 2013 3:52 pm PST','58','Fair',8)
INSERT INTO WIND VALUES(8,'58','290','14',8)
DISCONNECT
/*C4*/SET SCHEMA PUBLIC
CONNECT USER SA
INSERT INTO WEATHER VALUES(9,'2013-02-21 17:11:50.806000000','95035')
INSERT INTO ATMOSPHERE VALUES(9,'39','30.11','0','10',9)
INSERT INTO CONDITION VALUES(9,'34','Thu, 21 Feb 2013 3:52 pm PST','58','Fair',9)
INSERT INTO WIND VALUES(9,'58','290','14',9)
DISCONNECT
/*C5*/SET SCHEMA PUBLIC
CONNECT USER SA
INSERT INTO WEATHER VALUES(10,'2013-02-21 17:11:52.240000000','95035')
INSERT INTO ATMOSPHERE VALUES(10,'39','30.11','0','10',10)
INSERT INTO CONDITION VALUES(10,'34','Thu, 21 Feb 2013 3:52 pm PST','58','Fair',10)
INSERT INTO WIND VALUES(10,'58','290','14',10)
DISCONNECT
/*C6*/SET SCHEMA PUBLIC
CONNECT USER SA
INSERT INTO WEATHER VALUES(11,'2013-02-21 17:11:53.290000000','95035')
INSERT INTO ATMOSPHERE VALUES(11,'39','30.11','0','10',11)
INSERT INTO CONDITION VALUES(11,'34','Thu, 21 Feb 2013 3:52 pm PST','58','Fair',11)
INSERT INTO WIND VALUES(11,'58','290','14',11)
DISCONNECT
/*C7*/SET SCHEMA PUBLIC
CONNECT USER SA
INSERT INTO WEATHER VALUES(12,'2013-02-21 17:11:54.022000000','95035')
INSERT INTO ATMOSPHERE VALUES(12,'39','30.11','0','10',12)
INSERT INTO CONDITION VALUES(12,'34','Thu, 21 Feb 2013 3:52 pm PST','58','Fair',12)
INSERT INTO WIND VALUES(12,'58','290','14',12)
DISCONNECT
/*C8*/SET SCHEMA PUBLIC
CONNECT USER SA
INSERT INTO WEATHER VALUES(13,'2013-02-21 17:11:54.745000000','95035')
INSERT INTO ATMOSPHERE VALUES(13,'39','30.11','0','10',13)
INSERT INTO CONDITION VALUES(13,'34','Thu, 21 Feb 2013 3:52 pm PST','58','Fair',13)
INSERT INTO WIND VALUES(13,'58','290','14',13)
DISCONNECT
/*C9*/SET SCHEMA PUBLIC
CONNECT USER SA
INSERT INTO WEATHER VALUES(14,'2013-02-21 17:11:56.101000000','95035')
INSERT INTO ATMOSPHERE VALUES(14,'39','30.11','0','10',14)
INSERT INTO CONDITION VALUES(14,'34','Thu, 21 Feb 2013 3:52 pm PST','58','Fair',14)
INSERT INTO WIND VALUES(14,'58','290','14',14)
DISCONNECT
/*C10*/SET SCHEMA PUBLIC
CONNECT USER SA
/*C11*/SET SCHEMA PUBLIC
CONNECT USER SA
